Using pre-set license
Built from '2023.1/staging' branch; Version is '2023.1.19f1 (629111e352bc) revision 6459665'; Using compiler version '192829333'; Build Type 'Release'
OS: 'Windows 11  (10.0.22621) 64bit Core' Language: 'ru' Physical Memory: 16004 MB
BatchMode: 1, IsHumanControllingUs: 0, StartBugReporterOnCrash: 0, Is64bit: 1, IsPro: 1

COMMAND LINE ARGUMENTS:
C:\Program Files\Unity\Hub\Editor\2023.1.19f1\Editor\Unity.exe
-adb2
-batchMode
-noUpm
-name
AssetImportWorker2
-projectPath
C:/Users/ASUS/Desktop/Logicgame
-logFile
Logs/AssetImportWorker2.log
-srvPort
49767
Successfully changed project path to: C:/Users/ASUS/Desktop/Logicgame
C:/Users/ASUS/Desktop/Logicgame
[UnityMemory] Configuration Parameters - Can be set up in boot.config
    "memorysetup-bucket-allocator-granularity=16"
    "memorysetup-bucket-allocator-bucket-count=8"
    "memorysetup-bucket-allocator-block-size=33554432"
    "memorysetup-bucket-allocator-block-count=8"
    "memorysetup-main-allocator-block-size=16777216"
    "memorysetup-thread-allocator-block-size=16777216"
    "memorysetup-gfx-main-allocator-block-size=16777216"
    "memorysetup-gfx-thread-allocator-block-size=16777216"
    "memorysetup-cache-allocator-block-size=4194304"
    "memorysetup-typetree-allocator-block-size=2097152"
    "memorysetup-profiler-bucket-allocator-granularity=16"
    "memorysetup-profiler-bucket-allocator-bucket-count=8"
    "memorysetup-profiler-bucket-allocator-block-size=33554432"
    "memorysetup-profiler-bucket-allocator-block-count=8"
    "memorysetup-profiler-allocator-block-size=16777216"
    "memorysetup-profiler-editor-allocator-block-size=1048576"
    "memorysetup-temp-allocator-size-main=16777216"
    "memorysetup-job-temp-allocator-block-size=2097152"
    "memorysetup-job-temp-allocator-block-size-background=1048576"
    "memorysetup-job-temp-allocator-reduction-small-platforms=262144"
    "memorysetup-allocator-temp-initial-block-size-main=262144"
    "memorysetup-allocator-temp-initial-block-size-worker=262144"
    "memorysetup-temp-allocator-size-background-worker=32768"
    "memorysetup-temp-allocator-size-job-worker=262144"
    "memorysetup-temp-allocator-size-preload-manager=33554432"
    "memorysetup-temp-allocator-size-nav-mesh-worker=65536"
    "memorysetup-temp-allocator-size-audio-worker=65536"
    "memorysetup-temp-allocator-size-cloud-worker=32768"
    "memorysetup-temp-allocator-size-gi-baking-worker=262144"
    "memorysetup-temp-allocator-size-gfx=262144"
Player connection [25436] Host "[IP] 192.168.0.105 [Port] 0 [Flags] 2 [Guid] 1614796177 [EditorId] 1614796177 [Version] 1048832 [Id] WindowsEditor(7,DESKTOP-376BP9Q) [Debug] 1 [PackageName] WindowsEditor [ProjectName] Editor" joined multi-casting on [225.0.0.222:54997]...

Player connection [25436] Host "[IP] 192.168.0.105 [Port] 0 [Flags] 2 [Guid] 1614796177 [EditorId] 1614796177 [Version] 1048832 [Id] WindowsEditor(7,DESKTOP-376BP9Q) [Debug] 1 [PackageName] WindowsEditor [ProjectName] Editor" joined alternative multi-casting on [225.0.0.222:34997]...

[Physics::Module] Initialized MultithreadedJobDispatcher with 15 workers.
Library Redirect Path: Library/Refreshing native plugins compatible for Editor in 170.68 ms, found 3 plugins.
Preloading 0 native plugins for Editor in 0.00 ms.
Initialize engine version: 2023.1.19f1 (629111e352bc)
[Subsystems] Discovering subsystems at path C:/Program Files/Unity/Hub/Editor/2023.1.19f1/Editor/Data/Resources/UnitySubsystems
[Subsystems] Discovering subsystems at path C:/Users/ASUS/Desktop/Logicgame/Assets
GfxDevice: creating device client; threaded=0; jobified=0
Direct3D:
    Version:  Direct3D 11.0 [level 11.1]
    Renderer: NVIDIA GeForce RTX 3060 Laptop GPU (ID=0x2520)
    Vendor:   NVIDIA
    VRAM:     6009 MB
    Driver:   31.0.15.3742
Initialize mono
Mono path[0] = 'C:/Program Files/Unity/Hub/Editor/2023.1.19f1/Editor/Data/Managed'
Mono path[1] = 'C:/Program Files/Unity/Hub/Editor/2023.1.19f1/Editor/Data/MonoBleedingEdge/lib/mono/unityjit-win32'
Mono config path = 'C:/Program Files/Unity/Hub/Editor/2023.1.19f1/Editor/Data/MonoBleedingEdge/etc'
Using monoOptions --debugger-agent=transport=dt_socket,embedding=1,server=y,suspend=n,address=127.0.0.1:56684
Begin MonoManager ReloadAssembly
C:\build\output\Unity-Technologies\mono\mono\metadata\icall.c:1842:
C:\build\output\Unity-Technologies\mono\mono\metadata\icall.c:1842:
C:\build\output\Unity-Technologies\mono\mono\metadata\icall.c:1842:
C:\build\output\Unity-Technologies\mono\mono\metadata\icall.c:1842:
C:\build\output\Unity-Technologies\mono\mono\metadata\icall.c:1842:
C:\build\output\Unity-Technologies\mono\mono\metadata\icall.c:1842:
C:\build\output\Unity-Technologies\mono\mono\metadata\icall.c:1842:
C:\build\output\Unity-Technologies\mono\mono\metadata\icall.c:1842:
C:\build\output\Unity-Technologies\mono\mono\metadata\icall.c:1842:
C:\build\output\Unity-Technologies\mono\mono\metadata\icall.c:1842:
Registering precompiled unity dll's ...
Register platform support module: C:/Program Files/Unity/Hub/Editor/2023.1.19f1/Editor/Data/PlaybackEngines/WebGLSupport/UnityEditor.WebGL.Extensions.dll
Register platform support module: C:/Program Files/Unity/Hub/Editor/2023.1.19f1/Editor/Data/PlaybackEngines/WindowsStandaloneSupport/UnityEditor.WindowsStandalone.Extensions.dll
Register platform support module: C:/Program Files/Unity/Hub/Editor/2023.1.19f1/Editor/Data/PlaybackEngines/AndroidPlayer/UnityEditor.Android.Extensions.dll
Registered in 0.003217 seconds.
- Loaded All Assemblies, in  0.283 seconds
Native extension for Android target not found
Android Extension - Scanning For ADB Devices 232 ms
Native extension for WindowsStandalone target not found
Native extension for WebGL target not found
Mono: successfully reloaded assembly
C:\build\output\Unity-Technologies\mono\mono\metadata\icall.c:1842:
C:\build\output\Unity-Technologies\mono\mono\metadata\icall.c:1842:
- Finished resetting the current domain, in  0.521 seconds
Domain Reload Profiling: 803ms
	BeginReloadAssembly (89ms)
		ExecutionOrderSort (0ms)
		DisableScriptedObjects (0ms)
		BackupInstance (0ms)
		ReleaseScriptingObjects (0ms)
		CreateAndSetChildDomain (1ms)
	RebuildCommonClasses (26ms)
	RebuildNativeTypeToScriptingClass (8ms)
	initialDomainReloadingComplete (37ms)
	LoadAllAssembliesAndSetupDomain (121ms)
		LoadAssemblies (88ms)
		RebuildTransferFunctionScriptingTraits (0ms)
		AnalyzeDomain (118ms)
			TypeCache.Refresh (117ms)
				TypeCache.ScanAssembly (108ms)
			ScanForSourceGeneratedMonoScriptInfo (0ms)
			ResolveRequiredComponents (0ms)
	FinalizeReload (521ms)
		ReleaseScriptCaches (0ms)
		RebuildScriptCaches (0ms)
		SetupLoadedEditorAssemblies (487ms)
			LogAssemblyErrors (0ms)
			InitializePlatformSupportModulesInManaged (344ms)
			SetLoadedEditorAssemblies (3ms)
			BeforeProcessingInitializeOnLoad (5ms)
			ProcessInitializeOnLoadAttributes (92ms)
			ProcessInitializeOnLoadMethodAttributes (43ms)
			AfterProcessingInitializeOnLoad (0ms)
			EditorAssembliesLoaded (0ms)
		ExecutionOrderSort2 (0ms)
		AwakeInstancesAfterBackupRestoration (0ms)
========================================================================
Worker process is ready to serve import requests
Import Worker Mode flag is 0x00
Begin MonoManager ReloadAssembly
C:\build\output\Unity-Technologies\mono\mono\metadata\icall.c:1842:
C:\build\output\Unity-Technologies\mono\mono\metadata\icall.c:1842:
C:\build\output\Unity-Technologies\mono\mono\metadata\icall.c:1842:
C:\build\output\Unity-Technologies\mono\mono\metadata\icall.c:1842:
C:\build\output\Unity-Technologies\mono\mono\metadata\icall.c:1842:
C:\build\output\Unity-Technologies\mono\mono\metadata\icall.c:1842:
C:\build\output\Unity-Technologies\mono\mono\metadata\icall.c:1842:
C:\build\output\Unity-Technologies\mono\mono\metadata\icall.c:1842:
C:\build\output\Unity-Technologies\mono\mono\metadata\icall.c:1842:
C:\build\output\Unity-Technologies\mono\mono\metadata\icall.c:1842:
C:\build\output\Unity-Technologies\mono\mono\metadata\icall.c:1842:
C:\build\output\Unity-Technologies\mono\mono\metadata\icall.c:1842:
- Loaded All Assemblies, in  0.717 seconds
Refreshing native plugins compatible for Editor in 1.26 ms, found 3 plugins.
Native extension for Android target not found
Native extension for WindowsStandalone target not found
Native extension for WebGL target not found
Mono: successfully reloaded assembly
- Finished resetting the current domain, in  0.603 seconds
Domain Reload Profiling: 1320ms
	BeginReloadAssembly (322ms)
		ExecutionOrderSort (0ms)
		DisableScriptedObjects (5ms)
		BackupInstance (0ms)
		ReleaseScriptingObjects (0ms)
		CreateAndSetChildDomain (22ms)
	RebuildCommonClasses (28ms)
	RebuildNativeTypeToScriptingClass (7ms)
	initialDomainReloadingComplete (25ms)
	LoadAllAssembliesAndSetupDomain (334ms)
		LoadAssemblies (197ms)
		RebuildTransferFunctionScriptingTraits (0ms)
		AnalyzeDomain (199ms)
			TypeCache.Refresh (179ms)
				TypeCache.ScanAssembly (171ms)
			ScanForSourceGeneratedMonoScriptInfo (13ms)
			ResolveRequiredComponents (6ms)
	FinalizeReload (603ms)
		ReleaseScriptCaches (0ms)
		RebuildScriptCaches (0ms)
		SetupLoadedEditorAssemblies (396ms)
			LogAssemblyErrors (0ms)
			InitializePlatformSupportModulesInManaged (17ms)
			SetLoadedEditorAssemblies (2ms)
			BeforeProcessingInitializeOnLoad (62ms)
			ProcessInitializeOnLoadAttributes (288ms)
			ProcessInitializeOnLoadMethodAttributes (24ms)
			AfterProcessingInitializeOnLoad (2ms)
			EditorAssembliesLoaded (0ms)
		ExecutionOrderSort2 (0ms)
		AwakeInstancesAfterBackupRestoration (5ms)
Launched and connected shader compiler UnityShaderCompiler.exe after 0.01 seconds
Refreshing native plugins compatible for Editor in 1.32 ms, found 3 plugins.
Preloading 0 native plugins for Editor in 0.00 ms.
Unloading 4237 Unused Serialized files (Serialized files now loaded: 0)
Unloading 81 unused Assets / (1.5 MB). Loaded Objects now: 4796.
Memory consumption went from 207.3 MB to 205.8 MB.
Total: 3.719700 ms (FindLiveObjects: 0.219500 ms CreateObjectMapping: 0.101500 ms MarkObjects: 3.095800 ms  DeleteObjects: 0.301600 ms)

AssetImportParameters requested are different than current active one (requested -> active):
  custom:video-decoder-webm-vp8: 9c59270c3fd7afecdb556c50c9e8de78 -> 
  custom:SearchIndexIgnoredProperties: e643bd26f0fe6173181afceb89e7c659 -> 
  custom:audio-encoder-webm-vorbis: bf7c407c2cedff20999df2af8eb42d56 -> 
  custom:scripting/monoscript/fileName/SpriteToCanvas.cs: a7b62e6c0b0658afb0ed2f828ff2320e -> 
  custom:AudioImporter_EditorPlatform: d09bf68614088b80899f8185d706f6e7 -> 
  custom:audio-decoder-ogg-vorbis: bf7c407c2cedff20999df2af8eb42d56 -> 
  custom:video-encoder-webm-vp8: eb34c28f22e8b96e1ab97ce403110664 -> 
  custom:container-demuxer-ogg: 62fdf1f143b41e24485cea50d1cbac27 -> 
  custom:framework-win-MediaFoundation: 216162199b28c13a410421893ffa2e32 -> 
  custom:video-decoder-ogg-theora: a1e56fd34408186e4bbccfd4996cb3dc -> 
  custom:container-muxer-webm: aa71ff27fc2769a1b78a27578f13a17b -> 
  custom:video-codec-MediaFoundation-h265: 746d11721c4dcdbdad8f713fa42b33f4 -> 
  custom:CustomObjectIndexerAttribute: a3ef5dd2817f97addfee359851a9dba5 -> 
  custom:container-demuxer-webm: 4f35f7cbe854078d1ac9338744f61a02 -> 
========================================================================
Received Import Request.
  Time since last request: 19220.592513 seconds.
  path: Assets/UI button pack 2/Blue/1-right-blue.png
  artifactKey: Guid(96a94d08b32269e45a916263788787ae) Importer(815301076,1909f56bfc062723c751e8b465ee728b)
Start importing Assets/UI button pack 2/Blue/1-right-blue.png using Guid(96a94d08b32269e45a916263788787ae) Importer(815301076,1909f56bfc062723c751e8b465ee728b)  -> (artifact id: 'bd7dbc01d6d58c25ac5ae52e08362089') in 0.066952 seconds
Number of updated asset objects reloaded before import = 0
Number of asset objects unloaded after import = 3
========================================================================
Received Import Request.
  Time since last request: 0.000023 seconds.
  path: Assets/UI button pack 2/Blue/4-b.png
  artifactKey: Guid(bf76c4199ed90be419619df83bcc2ef7) Importer(815301076,1909f56bfc062723c751e8b465ee728b)
Start importing Assets/UI button pack 2/Blue/4-b.png using Guid(bf76c4199ed90be419619df83bcc2ef7) Importer(815301076,1909f56bfc062723c751e8b465ee728b)  -> (artifact id: '3183a47f5c93c4253868c55978e25cdf') in 0.009428 seconds
Number of updated asset objects reloaded before import = 0
Number of asset objects unloaded after import = 3
========================================================================
Received Import Request.
  Time since last request: 0.000034 seconds.
  path: Assets/UI button pack 2/Blue/3-up-blue.png
  artifactKey: Guid(3742b21d89c78b043a5f2ce17387bcb7) Importer(815301076,1909f56bfc062723c751e8b465ee728b)
Start importing Assets/UI button pack 2/Blue/3-up-blue.png using Guid(3742b21d89c78b043a5f2ce17387bcb7) Importer(815301076,1909f56bfc062723c751e8b465ee728b)  -> (artifact id: '8dca420018303035d2b3d7d2eebfb75c') in 0.009308 seconds
Number of updated asset objects reloaded before import = 0
Number of asset objects unloaded after import = 3
========================================================================
Received Import Request.
  Time since last request: 0.000105 seconds.
  path: Assets/UI button pack 2/Blue/4-3.png
  artifactKey: Guid(491295779f055624a8ece7d3751a83fe) Importer(815301076,1909f56bfc062723c751e8b465ee728b)
Start importing Assets/UI button pack 2/Blue/4-3.png using Guid(491295779f055624a8ece7d3751a83fe) Importer(815301076,1909f56bfc062723c751e8b465ee728b)  -> (artifact id: '57052dc760a7414c111f98a29ec376a0') in 0.009220 seconds
Number of updated asset objects reloaded before import = 0
Number of asset objects unloaded after import = 3
========================================================================
Received Import Request.
  Time since last request: 0.000009 seconds.
  path: Assets/UI button pack 2/Blue/2-up-blue.png
  artifactKey: Guid(a2a0cac535ae81c42a79dba50a734161) Importer(815301076,1909f56bfc062723c751e8b465ee728b)
Start importing Assets/UI button pack 2/Blue/2-up-blue.png using Guid(a2a0cac535ae81c42a79dba50a734161) Importer(815301076,1909f56bfc062723c751e8b465ee728b)  -> (artifact id: '243b9ebd80e0ca7925e512a6705e70f4') in 0.009451 seconds
Number of updated asset objects reloaded before import = 0
Number of asset objects unloaded after import = 3
========================================================================
Received Import Request.
  Time since last request: 0.000010 seconds.
  path: Assets/UI button pack 2/Blue/1024-256-blue.png
  artifactKey: Guid(396c69b9f2df80f49bfcedd96c0b81b5) Importer(815301076,1909f56bfc062723c751e8b465ee728b)
Start importing Assets/UI button pack 2/Blue/1024-256-blue.png using Guid(396c69b9f2df80f49bfcedd96c0b81b5) Importer(815301076,1909f56bfc062723c751e8b465ee728b)  -> (artifact id: 'f84881ced080586ca60c7c9573575b1b') in 0.019819 seconds
Number of updated asset objects reloaded before import = 0
Number of asset objects unloaded after import = 3
========================================================================
Received Import Request.
  Time since last request: 0.000016 seconds.
  path: Assets/UI button pack 2/Blue/CAMERA-BLUE.png
  artifactKey: Guid(60e7a47a920cc1e479c4bc5dd506e018) Importer(815301076,1909f56bfc062723c751e8b465ee728b)
Start importing Assets/UI button pack 2/Blue/CAMERA-BLUE.png using Guid(60e7a47a920cc1e479c4bc5dd506e018) Importer(815301076,1909f56bfc062723c751e8b465ee728b)  -> (artifact id: '19cec19449dca55fb9549eed6772141c') in 0.013921 seconds
Number of updated asset objects reloaded before import = 0
Number of asset objects unloaded after import = 3
========================================================================
Received Import Request.
  Time since last request: 1.171363 seconds.
  path: Assets/UI button pack 2/Olive green/0-green.png
  artifactKey: Guid(74d57605e2b10aa45b239852a8ef966f) Importer(815301076,1909f56bfc062723c751e8b465ee728b)
Start importing Assets/UI button pack 2/Olive green/0-green.png using Guid(74d57605e2b10aa45b239852a8ef966f) Importer(815301076,1909f56bfc062723c751e8b465ee728b)  -> (artifact id: 'db848bf09d576eb22ca4d512a95d9f31') in 0.009939 seconds
Number of updated asset objects reloaded before import = 0
Number of asset objects unloaded after import = 3
========================================================================
Received Import Request.
  Time since last request: 0.004294 seconds.
  path: Assets/UI button pack 2/Olive green/1-right-green.png
  artifactKey: Guid(a018c7918084e754c9587e66e7aab98f) Importer(815301076,1909f56bfc062723c751e8b465ee728b)
Start importing Assets/UI button pack 2/Olive green/1-right-green.png using Guid(a018c7918084e754c9587e66e7aab98f) Importer(815301076,1909f56bfc062723c751e8b465ee728b)  -> (artifact id: 'd7a3f9645c2efe2cac7fe2a11df309fd') in 0.010374 seconds
Number of updated asset objects reloaded before import = 0
Number of asset objects unloaded after import = 3
========================================================================
Received Import Request.
  Time since last request: 0.006783 seconds.
  path: Assets/UI button pack 2/Olive green/2-legt-green.png
  artifactKey: Guid(a8ee84a7b50498546a2b6bc68c07fe7d) Importer(815301076,1909f56bfc062723c751e8b465ee728b)
Start importing Assets/UI button pack 2/Olive green/2-legt-green.png using Guid(a8ee84a7b50498546a2b6bc68c07fe7d) Importer(815301076,1909f56bfc062723c751e8b465ee728b)  -> (artifact id: 'c919aef1e6f3e044d7920db60e8062db') in 0.008798 seconds
Number of updated asset objects reloaded before import = 0
Number of asset objects unloaded after import = 3
========================================================================
Received Import Request.
  Time since last request: 0.003982 seconds.
  path: Assets/UI button pack 2/Olive green/3-down-green.png
  artifactKey: Guid(1c8a26df7e7671141acba6a9a33514f6) Importer(815301076,1909f56bfc062723c751e8b465ee728b)
Start importing Assets/UI button pack 2/Olive green/3-down-green.png using Guid(1c8a26df7e7671141acba6a9a33514f6) Importer(815301076,1909f56bfc062723c751e8b465ee728b)  -> (artifact id: '5f20a5c61298297110e18cd9f81eb87a') in 0.008699 seconds
Number of updated asset objects reloaded before import = 0
Number of asset objects unloaded after import = 3
========================================================================
Received Import Request.
  Time since last request: 0.000604 seconds.
  path: Assets/UI button pack 2/Olive green/3-left-geen.png
  artifactKey: Guid(4faab82849670504bbd72e75bee623aa) Importer(815301076,1909f56bfc062723c751e8b465ee728b)
Start importing Assets/UI button pack 2/Olive green/3-left-geen.png using Guid(4faab82849670504bbd72e75bee623aa) Importer(815301076,1909f56bfc062723c751e8b465ee728b)  -> (artifact id: '6ec054f40712931ac5687c1ef5db49ec') in 0.008722 seconds
Number of updated asset objects reloaded before import = 0
Number of asset objects unloaded after import = 3
========================================================================
Received Import Request.
  Time since last request: 0.000682 seconds.
  path: Assets/UI button pack 2/Olive green/5-green.png
  artifactKey: Guid(bbfd0848e86de4b4a94d14744eea71e0) Importer(815301076,1909f56bfc062723c751e8b465ee728b)
Start importing Assets/UI button pack 2/Olive green/5-green.png using Guid(bbfd0848e86de4b4a94d14744eea71e0) Importer(815301076,1909f56bfc062723c751e8b465ee728b)  -> (artifact id: 'a694d15b6107cea6bd33716cbeb82496') in 0.008475 seconds
Number of updated asset objects reloaded before import = 0
Number of asset objects unloaded after import = 3
========================================================================
Received Import Request.
  Time since last request: 0.002485 seconds.
  path: Assets/UI button pack 2/Olive green/8-green.png
  artifactKey: Guid(fa1fabe15cd516f4a8ec396f057feb1f) Importer(815301076,1909f56bfc062723c751e8b465ee728b)
Start importing Assets/UI button pack 2/Olive green/8-green.png using Guid(fa1fabe15cd516f4a8ec396f057feb1f) Importer(815301076,1909f56bfc062723c751e8b465ee728b)  -> (artifact id: '3837bb69b7eb57cbf9228d8d3d3a51ae') in 0.008061 seconds
Number of updated asset objects reloaded before import = 0
Number of asset objects unloaded after import = 3
========================================================================
Received Import Request.
  Time since last request: 0.001940 seconds.
  path: Assets/UI button pack 2/Olive green/Add-people-green.png
  artifactKey: Guid(4ac4fb45350001543a0311e5c324de03) Importer(815301076,1909f56bfc062723c751e8b465ee728b)
Start importing Assets/UI button pack 2/Olive green/Add-people-green.png using Guid(4ac4fb45350001543a0311e5c324de03) Importer(815301076,1909f56bfc062723c751e8b465ee728b)  -> (artifact id: 'd3fc5d9eb945dfa7a0cf0ee83d298ca0') in 0.008442 seconds
Number of updated asset objects reloaded before import = 0
Number of asset objects unloaded after import = 3
========================================================================
Received Import Request.
  Time since last request: 0.000340 seconds.
  path: Assets/UI button pack 2/Olive green/Camera-green.png
  artifactKey: Guid(05a866499973dc0459c51cdc686bb61a) Importer(815301076,1909f56bfc062723c751e8b465ee728b)
Start importing Assets/UI button pack 2/Olive green/Camera-green.png using Guid(05a866499973dc0459c51cdc686bb61a) Importer(815301076,1909f56bfc062723c751e8b465ee728b)  -> (artifact id: '33c56dc773c3ccd7902840891a471028') in 0.011631 seconds
Number of updated asset objects reloaded before import = 0
Number of asset objects unloaded after import = 3
========================================================================
Received Import Request.
  Time since last request: 0.004746 seconds.
  path: Assets/UI button pack 2/Olive green/coins-green.png
  artifactKey: Guid(8003971ee4791594e9fa08fad082d633) Importer(815301076,1909f56bfc062723c751e8b465ee728b)
Start importing Assets/UI button pack 2/Olive green/coins-green.png using Guid(8003971ee4791594e9fa08fad082d633) Importer(815301076,1909f56bfc062723c751e8b465ee728b)  -> (artifact id: '048038fa576b2adc5f628fc7dd870cae') in 0.011717 seconds
Number of updated asset objects reloaded before import = 0
Number of asset objects unloaded after import = 3
========================================================================
Received Import Request.
  Time since last request: 1.231740 seconds.
  path: Assets/UI button pack 2/Olive green/Delete-green.png
  artifactKey: Guid(b776c91d0211d2541818341426feb244) Importer(815301076,1909f56bfc062723c751e8b465ee728b)
Start importing Assets/UI button pack 2/Olive green/Delete-green.png using Guid(b776c91d0211d2541818341426feb244) Importer(815301076,1909f56bfc062723c751e8b465ee728b)  -> (artifact id: 'dc52ec549db488064b3dab0ff5d3bc03') in 0.010294 seconds
Number of updated asset objects reloaded before import = 0
Number of asset objects unloaded after import = 3
========================================================================
Received Import Request.
  Time since last request: 0.000129 seconds.
  path: Assets/UI button pack 2/Olive green/EASY-7.png
  artifactKey: Guid(bce9a49e8e80fc644961896d11e7fed8) Importer(815301076,1909f56bfc062723c751e8b465ee728b)
Start importing Assets/UI button pack 2/Olive green/EASY-7.png using Guid(bce9a49e8e80fc644961896d11e7fed8) Importer(815301076,1909f56bfc062723c751e8b465ee728b)  -> (artifact id: '2be44c381b3f1600ce90f7b8555b9a91') in 0.010913 seconds
Number of updated asset objects reloaded before import = 0
Number of asset objects unloaded after import = 3
========================================================================
Received Import Request.
  Time since last request: 0.003834 seconds.
  path: Assets/UI button pack 2/Olive green/END-GREEN.png
  artifactKey: Guid(0f866ad45402bc547a63c2cbf0e2bc83) Importer(815301076,1909f56bfc062723c751e8b465ee728b)
Start importing Assets/UI button pack 2/Olive green/END-GREEN.png using Guid(0f866ad45402bc547a63c2cbf0e2bc83) Importer(815301076,1909f56bfc062723c751e8b465ee728b)  -> (artifact id: '3ba678e35796af4ccb1b3eaca31a5abf') in 0.015304 seconds
Number of updated asset objects reloaded before import = 0
Number of asset objects unloaded after import = 3
========================================================================
Received Import Request.
  Time since last request: 0.489283 seconds.
  path: Assets/UI button pack 2/Olive green/FULL-SCREEN-GREEN.png
  artifactKey: Guid(8cd527884dba36743829f8f5ccd23971) Importer(815301076,1909f56bfc062723c751e8b465ee728b)
Start importing Assets/UI button pack 2/Olive green/FULL-SCREEN-GREEN.png using Guid(8cd527884dba36743829f8f5ccd23971) Importer(815301076,1909f56bfc062723c751e8b465ee728b)  -> (artifact id: '21a298801fa786dab34a77b6a6512cf5') in 0.010128 seconds
Number of updated asset objects reloaded before import = 0
Number of asset objects unloaded after import = 3
========================================================================
Received Import Request.
  Time since last request: 0.000100 seconds.
  path: Assets/UI button pack 2/Olive green/Idea-green.png
  artifactKey: Guid(c6bde1d138024cb449f3d5721fd19475) Importer(815301076,1909f56bfc062723c751e8b465ee728b)
Start importing Assets/UI button pack 2/Olive green/Idea-green.png using Guid(c6bde1d138024cb449f3d5721fd19475) Importer(815301076,1909f56bfc062723c751e8b465ee728b)  -> (artifact id: '9753a183e7e9177872d2bfd0382f8ec2') in 0.011008 seconds
Number of updated asset objects reloaded before import = 0
Number of asset objects unloaded after import = 3
========================================================================
Received Import Request.
  Time since last request: 0.000040 seconds.
  path: Assets/UI button pack 2/Olive green/LEFT-GREEN.png
  artifactKey: Guid(3204f396eeb896d4a98911f1fed38d6f) Importer(815301076,1909f56bfc062723c751e8b465ee728b)
Start importing Assets/UI button pack 2/Olive green/LEFT-GREEN.png using Guid(3204f396eeb896d4a98911f1fed38d6f) Importer(815301076,1909f56bfc062723c751e8b465ee728b)  -> (artifact id: '430d35f129518d44748c3a07240b6248') in 0.014824 seconds
Number of updated asset objects reloaded before import = 0
Number of asset objects unloaded after import = 3
========================================================================
Received Import Request.
  Time since last request: 0.002188 seconds.
  path: Assets/UI button pack 2/Olive green/Lock-Green.png
  artifactKey: Guid(6a0a7bedb00774949b2e1a7cd4028bae) Importer(815301076,1909f56bfc062723c751e8b465ee728b)
Start importing Assets/UI button pack 2/Olive green/Lock-Green.png using Guid(6a0a7bedb00774949b2e1a7cd4028bae) Importer(815301076,1909f56bfc062723c751e8b465ee728b)  -> (artifact id: '9dfd54f4a18e1b790d23023741835364') in 0.009956 seconds
Number of updated asset objects reloaded before import = 0
Number of asset objects unloaded after import = 3
========================================================================
Received Import Request.
  Time since last request: 0.003128 seconds.
  path: Assets/UI button pack 2/Olive green/Menu-Green.png
  artifactKey: Guid(b43cfcbd797791d47ab397e154918584) Importer(815301076,1909f56bfc062723c751e8b465ee728b)
Start importing Assets/UI button pack 2/Olive green/Menu-Green.png using Guid(b43cfcbd797791d47ab397e154918584) Importer(815301076,1909f56bfc062723c751e8b465ee728b)  -> (artifact id: '0d356cc8507d6cc0d225488ef3eb866f') in 0.009050 seconds
Number of updated asset objects reloaded before import = 0
Number of asset objects unloaded after import = 3
========================================================================
Received Import Request.
  Time since last request: 0.006172 seconds.
  path: Assets/UI button pack 2/Olive green/Music-off.png
  artifactKey: Guid(21ee617eca53ac34bb8e74fe5f4fbe56) Importer(815301076,1909f56bfc062723c751e8b465ee728b)
Start importing Assets/UI button pack 2/Olive green/Music-off.png using Guid(21ee617eca53ac34bb8e74fe5f4fbe56) Importer(815301076,1909f56bfc062723c751e8b465ee728b)  -> (artifact id: 'e41185fd45477caded1ba5dfa11dd9f6') in 0.041214 seconds
Number of updated asset objects reloaded before import = 0
Number of asset objects unloaded after import = 3
========================================================================
Received Import Request.
  Time since last request: 2.292375 seconds.
  path: Assets/UI button pack 2/Olive green/Ok-green.png
  artifactKey: Guid(fc4f52cd2cdbc184498e488fbdbbfe6d) Importer(815301076,1909f56bfc062723c751e8b465ee728b)
Start importing Assets/UI button pack 2/Olive green/Ok-green.png using Guid(fc4f52cd2cdbc184498e488fbdbbfe6d) Importer(815301076,1909f56bfc062723c751e8b465ee728b)  -> (artifact id: 'ab834a0dd780c8003e29e06dc1c877a4') in 0.011318 seconds
Number of updated asset objects reloaded before import = 0
Number of asset objects unloaded after import = 3
========================================================================
Received Import Request.
  Time since last request: 0.000117 seconds.
  path: Assets/UI button pack 2/Olive green/Plus-green.png
  artifactKey: Guid(c213e3cec1fd86a4a959014da1be8caf) Importer(815301076,1909f56bfc062723c751e8b465ee728b)
Start importing Assets/UI button pack 2/Olive green/Plus-green.png using Guid(c213e3cec1fd86a4a959014da1be8caf) Importer(815301076,1909f56bfc062723c751e8b465ee728b)  -> (artifact id: 'f8c6c68ca483913c8710d739660a317a') in 0.012932 seconds
Number of updated asset objects reloaded before import = 0
Number of asset objects unloaded after import = 3
========================================================================
Received Import Request.
  Time since last request: 0.000065 seconds.
  path: Assets/UI button pack 2/Olive green/redeem-green.png
  artifactKey: Guid(737b9ea2b156e9d409a54f8511fe7572) Importer(815301076,1909f56bfc062723c751e8b465ee728b)
Start importing Assets/UI button pack 2/Olive green/redeem-green.png using Guid(737b9ea2b156e9d409a54f8511fe7572) Importer(815301076,1909f56bfc062723c751e8b465ee728b)  -> (artifact id: 'd7178e7a18b40cad4546b19a0358d200') in 0.012198 seconds
Number of updated asset objects reloaded before import = 0
Number of asset objects unloaded after import = 3
========================================================================
Received Import Request.
  Time since last request: 0.100200 seconds.
  path: Assets/UI button pack 2/Olive green/Retry-green.png
  artifactKey: Guid(060a1327910f5bc48ae1316716f5bdb4) Importer(815301076,1909f56bfc062723c751e8b465ee728b)
Start importing Assets/UI button pack 2/Olive green/Retry-green.png using Guid(060a1327910f5bc48ae1316716f5bdb4) Importer(815301076,1909f56bfc062723c751e8b465ee728b)  -> (artifact id: '5276b4cf9a5773118edf4351144e0942') in 0.011623 seconds
Number of updated asset objects reloaded before import = 0
Number of asset objects unloaded after import = 3
========================================================================
Received Import Request.
  Time since last request: 0.000011 seconds.
  path: Assets/UI button pack 2/Olive green/SEND-10.png
  artifactKey: Guid(775fe09b1a9421e4ab844c72527faa93) Importer(815301076,1909f56bfc062723c751e8b465ee728b)
Start importing Assets/UI button pack 2/Olive green/SEND-10.png using Guid(775fe09b1a9421e4ab844c72527faa93) Importer(815301076,1909f56bfc062723c751e8b465ee728b)  -> (artifact id: 'fb2fe0fab6ac00f6b6a4572d8d2c21e9') in 0.012923 seconds
Number of updated asset objects reloaded before import = 0
Number of asset objects unloaded after import = 3
========================================================================
Received Import Request.
  Time since last request: 0.000077 seconds.
  path: Assets/UI button pack 2/Olive green/Share-with-people-green.png
  artifactKey: Guid(3a48e5fed5fbff74da2fed5ca3a318de) Importer(815301076,1909f56bfc062723c751e8b465ee728b)
Start importing Assets/UI button pack 2/Olive green/Share-with-people-green.png using Guid(3a48e5fed5fbff74da2fed5ca3a318de) Importer(815301076,1909f56bfc062723c751e8b465ee728b)  -> (artifact id: '18f62665b9c690ba310c8e91553c4e6a') in 0.010590 seconds
Number of updated asset objects reloaded before import = 0
Number of asset objects unloaded after import = 3
========================================================================
Received Import Request.
  Time since last request: 0.232829 seconds.
  path: Assets/UI button pack 2/Olive green/SMALL-SCREEN-GREEN.png
  artifactKey: Guid(94306803082c5ad45ad83412a8c402ae) Importer(815301076,1909f56bfc062723c751e8b465ee728b)
Start importing Assets/UI button pack 2/Olive green/SMALL-SCREEN-GREEN.png using Guid(94306803082c5ad45ad83412a8c402ae) Importer(815301076,1909f56bfc062723c751e8b465ee728b)  -> (artifact id: 'c8ac3d4f75a5f1a23b637850d824b23a') in 0.010854 seconds
Number of updated asset objects reloaded before import = 0
Number of asset objects unloaded after import = 3
========================================================================
Received Import Request.
  Time since last request: 0.000111 seconds.
  path: Assets/UI button pack 2/Olive green/Stop-green.png
  artifactKey: Guid(a5d88e2884d82e54cb5f73051bebf0ee) Importer(815301076,1909f56bfc062723c751e8b465ee728b)
Start importing Assets/UI button pack 2/Olive green/Stop-green.png using Guid(a5d88e2884d82e54cb5f73051bebf0ee) Importer(815301076,1909f56bfc062723c751e8b465ee728b)  -> (artifact id: '5a3e46838b0f768e5cc90b7b46e0d217') in 0.010341 seconds
Number of updated asset objects reloaded before import = 0
Number of asset objects unloaded after import = 3
========================================================================
Received Import Request.
  Time since last request: 0.003218 seconds.
  path: Assets/UI button pack 2/Olive green/Upgrade-Green.png
  artifactKey: Guid(f79b7cf3c611fd54a892fc33698e0c7a) Importer(815301076,1909f56bfc062723c751e8b465ee728b)
Start importing Assets/UI button pack 2/Olive green/Upgrade-Green.png using Guid(f79b7cf3c611fd54a892fc33698e0c7a) Importer(815301076,1909f56bfc062723c751e8b465ee728b)  -> (artifact id: '34228002fccfca340d0470c03733cd43') in 0.013488 seconds
Number of updated asset objects reloaded before import = 0
Number of asset objects unloaded after import = 3
Editor requested this worker to shutdown with reason: Scaling down because of idle timeout
AssetImportWorker is now disconnected from the server
Process exiting
Exiting without the bug reporter. Application will terminate with return code 0