Using pre-set license
Built from '2023.1/staging' branch; Version is '2023.1.19f1 (629111e352bc) revision 6459665'; Using compiler version '192829333'; Build Type 'Release'
OS: 'Windows 11  (10.0.22621) 64bit Core' Language: 'ru' Physical Memory: 16004 MB
BatchMode: 1, IsHumanControllingUs: 0, StartBugReporterOnCrash: 0, Is64bit: 1, IsPro: 1

COMMAND LINE ARGUMENTS:
C:\Program Files\Unity\Hub\Editor\2023.1.19f1\Editor\Unity.exe
-adb2
-batchMode
-noUpm
-name
AssetImportWorker3
-projectPath
C:/Users/ASUS/Desktop/Logicgame
-logFile
Logs/AssetImportWorker3.log
-srvPort
49767
Successfully changed project path to: C:/Users/ASUS/Desktop/Logicgame
C:/Users/ASUS/Desktop/Logicgame
[UnityMemory] Configuration Parameters - Can be set up in boot.config
    "memorysetup-bucket-allocator-granularity=16"
    "memorysetup-bucket-allocator-bucket-count=8"
    "memorysetup-bucket-allocator-block-size=33554432"
    "memorysetup-bucket-allocator-block-count=8"
    "memorysetup-main-allocator-block-size=16777216"
    "memorysetup-thread-allocator-block-size=16777216"
    "memorysetup-gfx-main-allocator-block-size=16777216"
    "memorysetup-gfx-thread-allocator-block-size=16777216"
    "memorysetup-cache-allocator-block-size=4194304"
    "memorysetup-typetree-allocator-block-size=2097152"
    "memorysetup-profiler-bucket-allocator-granularity=16"
    "memorysetup-profiler-bucket-allocator-bucket-count=8"
    "memorysetup-profiler-bucket-allocator-block-size=33554432"
    "memorysetup-profiler-bucket-allocator-block-count=8"
    "memorysetup-profiler-allocator-block-size=16777216"
    "memorysetup-profiler-editor-allocator-block-size=1048576"
    "memorysetup-temp-allocator-size-main=16777216"
    "memorysetup-job-temp-allocator-block-size=2097152"
    "memorysetup-job-temp-allocator-block-size-background=1048576"
    "memorysetup-job-temp-allocator-reduction-small-platforms=262144"
    "memorysetup-allocator-temp-initial-block-size-main=262144"
    "memorysetup-allocator-temp-initial-block-size-worker=262144"
    "memorysetup-temp-allocator-size-background-worker=32768"
    "memorysetup-temp-allocator-size-job-worker=262144"
    "memorysetup-temp-allocator-size-preload-manager=33554432"
    "memorysetup-temp-allocator-size-nav-mesh-worker=65536"
    "memorysetup-temp-allocator-size-audio-worker=65536"
    "memorysetup-temp-allocator-size-cloud-worker=32768"
    "memorysetup-temp-allocator-size-gi-baking-worker=262144"
    "memorysetup-temp-allocator-size-gfx=262144"
Player connection [25304] Host "[IP] 192.168.0.105 [Port] 0 [Flags] 2 [Guid] 2388773404 [EditorId] 2388773404 [Version] 1048832 [Id] WindowsEditor(7,DESKTOP-376BP9Q) [Debug] 1 [PackageName] WindowsEditor [ProjectName] Editor" joined multi-casting on [225.0.0.222:54997]...

Player connection [25304] Host "[IP] 192.168.0.105 [Port] 0 [Flags] 2 [Guid] 2388773404 [EditorId] 2388773404 [Version] 1048832 [Id] WindowsEditor(7,DESKTOP-376BP9Q) [Debug] 1 [PackageName] WindowsEditor [ProjectName] Editor" joined alternative multi-casting on [225.0.0.222:34997]...

[Physics::Module] Initialized MultithreadedJobDispatcher with 15 workers.
Library Redirect Path: Library/Refreshing native plugins compatible for Editor in 173.65 ms, found 3 plugins.
Preloading 0 native plugins for Editor in 0.00 ms.
Initialize engine version: 2023.1.19f1 (629111e352bc)
[Subsystems] Discovering subsystems at path C:/Program Files/Unity/Hub/Editor/2023.1.19f1/Editor/Data/Resources/UnitySubsystems
[Subsystems] Discovering subsystems at path C:/Users/ASUS/Desktop/Logicgame/Assets
GfxDevice: creating device client; threaded=0; jobified=0
Direct3D:
    Version:  Direct3D 11.0 [level 11.1]
    Renderer: NVIDIA GeForce RTX 3060 Laptop GPU (ID=0x2520)
    Vendor:   NVIDIA
    VRAM:     6009 MB
    Driver:   31.0.15.3742
Initialize mono
Mono path[0] = 'C:/Program Files/Unity/Hub/Editor/2023.1.19f1/Editor/Data/Managed'
Mono path[1] = 'C:/Program Files/Unity/Hub/Editor/2023.1.19f1/Editor/Data/MonoBleedingEdge/lib/mono/unityjit-win32'
Mono config path = 'C:/Program Files/Unity/Hub/Editor/2023.1.19f1/Editor/Data/MonoBleedingEdge/etc'
Using monoOptions --debugger-agent=transport=dt_socket,embedding=1,server=y,suspend=n,address=127.0.0.1:56092
Begin MonoManager ReloadAssembly
C:\build\output\Unity-Technologies\mono\mono\metadata\icall.c:1842:
C:\build\output\Unity-Technologies\mono\mono\metadata\icall.c:1842:
C:\build\output\Unity-Technologies\mono\mono\metadata\icall.c:1842:
C:\build\output\Unity-Technologies\mono\mono\metadata\icall.c:1842:
C:\build\output\Unity-Technologies\mono\mono\metadata\icall.c:1842:
C:\build\output\Unity-Technologies\mono\mono\metadata\icall.c:1842:
C:\build\output\Unity-Technologies\mono\mono\metadata\icall.c:1842:
C:\build\output\Unity-Technologies\mono\mono\metadata\icall.c:1842:
C:\build\output\Unity-Technologies\mono\mono\metadata\icall.c:1842:
C:\build\output\Unity-Technologies\mono\mono\metadata\icall.c:1842:
Registering precompiled unity dll's ...
Register platform support module: C:/Program Files/Unity/Hub/Editor/2023.1.19f1/Editor/Data/PlaybackEngines/WebGLSupport/UnityEditor.WebGL.Extensions.dll
Register platform support module: C:/Program Files/Unity/Hub/Editor/2023.1.19f1/Editor/Data/PlaybackEngines/WindowsStandaloneSupport/UnityEditor.WindowsStandalone.Extensions.dll
Register platform support module: C:/Program Files/Unity/Hub/Editor/2023.1.19f1/Editor/Data/PlaybackEngines/AndroidPlayer/UnityEditor.Android.Extensions.dll
Registered in 0.003044 seconds.
- Loaded All Assemblies, in  0.282 seconds
Native extension for Android target not found
Android Extension - Scanning For ADB Devices 222 ms
Native extension for WindowsStandalone target not found
Native extension for WebGL target not found
Mono: successfully reloaded assembly
C:\build\output\Unity-Technologies\mono\mono\metadata\icall.c:1842:
C:\build\output\Unity-Technologies\mono\mono\metadata\icall.c:1842:
- Finished resetting the current domain, in  0.521 seconds
Domain Reload Profiling: 803ms
	BeginReloadAssembly (89ms)
		ExecutionOrderSort (0ms)
		DisableScriptedObjects (0ms)
		BackupInstance (0ms)
		ReleaseScriptingObjects (0ms)
		CreateAndSetChildDomain (1ms)
	RebuildCommonClasses (27ms)
	RebuildNativeTypeToScriptingClass (8ms)
	initialDomainReloadingComplete (36ms)
	LoadAllAssembliesAndSetupDomain (121ms)
		LoadAssemblies (88ms)
		RebuildTransferFunctionScriptingTraits (0ms)
		AnalyzeDomain (117ms)
			TypeCache.Refresh (117ms)
				TypeCache.ScanAssembly (108ms)
			ScanForSourceGeneratedMonoScriptInfo (0ms)
			ResolveRequiredComponents (0ms)
	FinalizeReload (522ms)
		ReleaseScriptCaches (0ms)
		RebuildScriptCaches (0ms)
		SetupLoadedEditorAssemblies (488ms)
			LogAssemblyErrors (0ms)
			InitializePlatformSupportModulesInManaged (345ms)
			SetLoadedEditorAssemblies (3ms)
			BeforeProcessingInitializeOnLoad (6ms)
			ProcessInitializeOnLoadAttributes (95ms)
			ProcessInitializeOnLoadMethodAttributes (40ms)
			AfterProcessingInitializeOnLoad (0ms)
			EditorAssembliesLoaded (0ms)
		ExecutionOrderSort2 (0ms)
		AwakeInstancesAfterBackupRestoration (0ms)
========================================================================
Worker process is ready to serve import requests
Import Worker Mode flag is 0x00
Begin MonoManager ReloadAssembly
C:\build\output\Unity-Technologies\mono\mono\metadata\icall.c:1842:
C:\build\output\Unity-Technologies\mono\mono\metadata\icall.c:1842:
C:\build\output\Unity-Technologies\mono\mono\metadata\icall.c:1842:
C:\build\output\Unity-Technologies\mono\mono\metadata\icall.c:1842:
C:\build\output\Unity-Technologies\mono\mono\metadata\icall.c:1842:
C:\build\output\Unity-Technologies\mono\mono\metadata\icall.c:1842:
C:\build\output\Unity-Technologies\mono\mono\metadata\icall.c:1842:
C:\build\output\Unity-Technologies\mono\mono\metadata\icall.c:1842:
C:\build\output\Unity-Technologies\mono\mono\metadata\icall.c:1842:
C:\build\output\Unity-Technologies\mono\mono\metadata\icall.c:1842:
C:\build\output\Unity-Technologies\mono\mono\metadata\icall.c:1842:
C:\build\output\Unity-Technologies\mono\mono\metadata\icall.c:1842:
- Loaded All Assemblies, in  0.716 seconds
Refreshing native plugins compatible for Editor in 1.27 ms, found 3 plugins.
Native extension for Android target not found
Native extension for WindowsStandalone target not found
Native extension for WebGL target not found
Mono: successfully reloaded assembly
- Finished resetting the current domain, in  0.609 seconds
Domain Reload Profiling: 1324ms
	BeginReloadAssembly (320ms)
		ExecutionOrderSort (0ms)
		DisableScriptedObjects (5ms)
		BackupInstance (0ms)
		ReleaseScriptingObjects (0ms)
		CreateAndSetChildDomain (22ms)
	RebuildCommonClasses (23ms)
	RebuildNativeTypeToScriptingClass (7ms)
	initialDomainReloadingComplete (24ms)
	LoadAllAssembliesAndSetupDomain (340ms)
		LoadAssemblies (202ms)
		RebuildTransferFunctionScriptingTraits (0ms)
		AnalyzeDomain (202ms)
			TypeCache.Refresh (183ms)
				TypeCache.ScanAssembly (175ms)
			ScanForSourceGeneratedMonoScriptInfo (13ms)
			ResolveRequiredComponents (6ms)
	FinalizeReload (610ms)
		ReleaseScriptCaches (0ms)
		RebuildScriptCaches (0ms)
		SetupLoadedEditorAssemblies (399ms)
			LogAssemblyErrors (0ms)
			InitializePlatformSupportModulesInManaged (16ms)
			SetLoadedEditorAssemblies (2ms)
			BeforeProcessingInitializeOnLoad (61ms)
			ProcessInitializeOnLoadAttributes (293ms)
			ProcessInitializeOnLoadMethodAttributes (25ms)
			AfterProcessingInitializeOnLoad (2ms)
			EditorAssembliesLoaded (0ms)
		ExecutionOrderSort2 (0ms)
		AwakeInstancesAfterBackupRestoration (4ms)
Launched and connected shader compiler UnityShaderCompiler.exe after 0.03 seconds
Refreshing native plugins compatible for Editor in 1.84 ms, found 3 plugins.
Preloading 0 native plugins for Editor in 0.00 ms.
Unloading 4237 Unused Serialized files (Serialized files now loaded: 0)
Unloading 81 unused Assets / (1.5 MB). Loaded Objects now: 4796.
Memory consumption went from 207.2 MB to 205.8 MB.
Total: 4.045900 ms (FindLiveObjects: 0.211000 ms CreateObjectMapping: 0.114100 ms MarkObjects: 3.424800 ms  DeleteObjects: 0.295300 ms)

AssetImportParameters requested are different than current active one (requested -> active):
  custom:video-decoder-webm-vp8: 9c59270c3fd7afecdb556c50c9e8de78 -> 
  custom:SearchIndexIgnoredProperties: e643bd26f0fe6173181afceb89e7c659 -> 
  custom:audio-encoder-webm-vorbis: bf7c407c2cedff20999df2af8eb42d56 -> 
  custom:scripting/monoscript/fileName/SpriteToCanvas.cs: a7b62e6c0b0658afb0ed2f828ff2320e -> 
  custom:AudioImporter_EditorPlatform: d09bf68614088b80899f8185d706f6e7 -> 
  custom:audio-decoder-ogg-vorbis: bf7c407c2cedff20999df2af8eb42d56 -> 
  custom:video-encoder-webm-vp8: eb34c28f22e8b96e1ab97ce403110664 -> 
  custom:container-demuxer-ogg: 62fdf1f143b41e24485cea50d1cbac27 -> 
  custom:framework-win-MediaFoundation: 216162199b28c13a410421893ffa2e32 -> 
  custom:video-decoder-ogg-theora: a1e56fd34408186e4bbccfd4996cb3dc -> 
  custom:container-muxer-webm: aa71ff27fc2769a1b78a27578f13a17b -> 
  custom:video-codec-MediaFoundation-h265: 746d11721c4dcdbdad8f713fa42b33f4 -> 
  custom:CustomObjectIndexerAttribute: a3ef5dd2817f97addfee359851a9dba5 -> 
  custom:container-demuxer-webm: 4f35f7cbe854078d1ac9338744f61a02 -> 
========================================================================
Received Import Request.
  Time since last request: 19220.594740 seconds.
  path: Assets/UI button pack 2/Blue/2.png
  artifactKey: Guid(0aab9820e4c0dfc498c37400d30f1960) Importer(815301076,1909f56bfc062723c751e8b465ee728b)
Start importing Assets/UI button pack 2/Blue/2.png using Guid(0aab9820e4c0dfc498c37400d30f1960) Importer(815301076,1909f56bfc062723c751e8b465ee728b)  -> (artifact id: '58a8d58bb4bb7d5e1744a111d5a6c707') in 0.077830 seconds
Number of updated asset objects reloaded before import = 0
Number of asset objects unloaded after import = 3
========================================================================
Received Import Request.
  Time since last request: 0.000027 seconds.
  path: Assets/UI button pack 2/Blue/8-B.png
  artifactKey: Guid(f8199434b69ed564997c74e881a71d04) Importer(815301076,1909f56bfc062723c751e8b465ee728b)
Start importing Assets/UI button pack 2/Blue/8-B.png using Guid(f8199434b69ed564997c74e881a71d04) Importer(815301076,1909f56bfc062723c751e8b465ee728b)  -> (artifact id: '67ef70baf0af1d9f7f655b72c5a2a3f7') in 0.010302 seconds
Number of updated asset objects reloaded before import = 0
Number of asset objects unloaded after import = 3
========================================================================
Received Import Request.
  Time since last request: 0.000052 seconds.
  path: Assets/UI button pack 2/Blue/12.png
  artifactKey: Guid(4822d78c36b4d694bac11d9640f8172a) Importer(815301076,1909f56bfc062723c751e8b465ee728b)
Start importing Assets/UI button pack 2/Blue/12.png using Guid(4822d78c36b4d694bac11d9640f8172a) Importer(815301076,1909f56bfc062723c751e8b465ee728b)  -> (artifact id: 'c1f9f49f8d1a99c0d473fa19908f26fc') in 0.009520 seconds
Number of updated asset objects reloaded before import = 0
Number of asset objects unloaded after import = 3
========================================================================
Received Import Request.
  Time since last request: 0.000008 seconds.
  path: Assets/UI button pack 2/Blue/backward blue.png
  artifactKey: Guid(f578f861e0e83c540884c664c0b4b09e) Importer(815301076,1909f56bfc062723c751e8b465ee728b)
Start importing Assets/UI button pack 2/Blue/backward blue.png using Guid(f578f861e0e83c540884c664c0b4b09e) Importer(815301076,1909f56bfc062723c751e8b465ee728b)  -> (artifact id: '2aaf94f030bd4512cb9ae1e82fecbb4b') in 0.010423 seconds
Number of updated asset objects reloaded before import = 0
Number of asset objects unloaded after import = 3
========================================================================
Received Import Request.
  Time since last request: 0.000012 seconds.
  path: Assets/UI button pack 2/Blue/1024-256-rightedge-blue.png
  artifactKey: Guid(d6014f33365e6ee49a660e56db2928cf) Importer(815301076,1909f56bfc062723c751e8b465ee728b)
Start importing Assets/UI button pack 2/Blue/1024-256-rightedge-blue.png using Guid(d6014f33365e6ee49a660e56db2928cf) Importer(815301076,1909f56bfc062723c751e8b465ee728b)  -> (artifact id: '3bfa517e38e49a6d3a441c875436df11') in 0.023247 seconds
Number of updated asset objects reloaded before import = 0
Number of asset objects unloaded after import = 3
========================================================================
Received Import Request.
  Time since last request: 1.203571 seconds.
  path: Assets/UI button pack 2/Olive green/1-left-green.png
  artifactKey: Guid(dfbbafb3708b73c43b23fd7b9e11b020) Importer(815301076,1909f56bfc062723c751e8b465ee728b)
Start importing Assets/UI button pack 2/Olive green/1-left-green.png using Guid(dfbbafb3708b73c43b23fd7b9e11b020) Importer(815301076,1909f56bfc062723c751e8b465ee728b)  -> (artifact id: 'f2e6cb9afceb79e4c937796e3c67bedf') in 0.012830 seconds
Number of updated asset objects reloaded before import = 0
Number of asset objects unloaded after import = 3
========================================================================
Received Import Request.
  Time since last request: 0.002834 seconds.
  path: Assets/UI button pack 2/Olive green/2-green.png
  artifactKey: Guid(5acf847362709b848bf8033f8452083d) Importer(815301076,1909f56bfc062723c751e8b465ee728b)
Start importing Assets/UI button pack 2/Olive green/2-green.png using Guid(5acf847362709b848bf8033f8452083d) Importer(815301076,1909f56bfc062723c751e8b465ee728b)  -> (artifact id: 'e566b8f0a93d7ebd8e2d992334e16ba8') in 0.008153 seconds
Number of updated asset objects reloaded before import = 0
Number of asset objects unloaded after import = 3
========================================================================
Received Import Request.
  Time since last request: 0.006794 seconds.
  path: Assets/UI button pack 2/Olive green/3-3.png
  artifactKey: Guid(8cc37f23922794741b44ae8e57709d26) Importer(815301076,1909f56bfc062723c751e8b465ee728b)
Start importing Assets/UI button pack 2/Olive green/3-3.png using Guid(8cc37f23922794741b44ae8e57709d26) Importer(815301076,1909f56bfc062723c751e8b465ee728b)  -> (artifact id: '89e488fd5625a556f149bfba61cc821d') in 0.009558 seconds
Number of updated asset objects reloaded before import = 0
Number of asset objects unloaded after import = 3
========================================================================
Received Import Request.
  Time since last request: 0.015130 seconds.
  path: Assets/UI button pack 2/Olive green/4-green.png
  artifactKey: Guid(69de490c23a04d74bb8064cae466d265) Importer(815301076,1909f56bfc062723c751e8b465ee728b)
Start importing Assets/UI button pack 2/Olive green/4-green.png using Guid(69de490c23a04d74bb8064cae466d265) Importer(815301076,1909f56bfc062723c751e8b465ee728b)  -> (artifact id: 'e99c6edea20b50e5b118ef11bf8e26a7') in 0.009432 seconds
Number of updated asset objects reloaded before import = 0
Number of asset objects unloaded after import = 3
========================================================================
Received Import Request.
  Time since last request: 0.012171 seconds.
  path: Assets/UI button pack 2/Olive green/9-green.png
  artifactKey: Guid(7bb04caf83b32dc498c00628ff634d8c) Importer(815301076,1909f56bfc062723c751e8b465ee728b)
Start importing Assets/UI button pack 2/Olive green/9-green.png using Guid(7bb04caf83b32dc498c00628ff634d8c) Importer(815301076,1909f56bfc062723c751e8b465ee728b)  -> (artifact id: '50f6e7baeca02210ea8cad627ced4efa') in 0.009385 seconds
Number of updated asset objects reloaded before import = 0
Number of asset objects unloaded after import = 3
========================================================================
Received Import Request.
  Time since last request: 0.029017 seconds.
  path: Assets/UI button pack 2/Olive green/Close-green.png
  artifactKey: Guid(172e208430b0e73459ff2b05d4d8e4ca) Importer(815301076,1909f56bfc062723c751e8b465ee728b)
Start importing Assets/UI button pack 2/Olive green/Close-green.png using Guid(172e208430b0e73459ff2b05d4d8e4ca) Importer(815301076,1909f56bfc062723c751e8b465ee728b)  -> (artifact id: '3ff145e02e92d0c283e78ed2937bd6c4') in 0.009161 seconds
Number of updated asset objects reloaded before import = 0
Number of asset objects unloaded after import = 3
========================================================================
Received Import Request.
  Time since last request: 1.252381 seconds.
  path: Assets/UI button pack 2/Olive green/Download-green.png
  artifactKey: Guid(86998f7ddbf8f334181d9ad1a2d37dfa) Importer(815301076,1909f56bfc062723c751e8b465ee728b)
Start importing Assets/UI button pack 2/Olive green/Download-green.png using Guid(86998f7ddbf8f334181d9ad1a2d37dfa) Importer(815301076,1909f56bfc062723c751e8b465ee728b)  -> (artifact id: '83576ad820c0576d7f024df49087dcec') in 0.010379 seconds
Number of updated asset objects reloaded before import = 0
Number of asset objects unloaded after import = 3
========================================================================
Received Import Request.
  Time since last request: 0.000421 seconds.
  path: Assets/UI button pack 2/Olive green/Emply-heart-green.png
  artifactKey: Guid(00893d104f389bc4a9c6a141567299c2) Importer(815301076,1909f56bfc062723c751e8b465ee728b)
Start importing Assets/UI button pack 2/Olive green/Emply-heart-green.png using Guid(00893d104f389bc4a9c6a141567299c2) Importer(815301076,1909f56bfc062723c751e8b465ee728b)  -> (artifact id: 'd48e31cb0cbb140582236c7a532366f9') in 0.009809 seconds
Number of updated asset objects reloaded before import = 0
Number of asset objects unloaded after import = 3
========================================================================
Received Import Request.
  Time since last request: 0.509732 seconds.
  path: Assets/UI button pack 2/Olive green/hard-gren.png
  artifactKey: Guid(d61ecca33a0714f4390d6007dbe59628) Importer(815301076,1909f56bfc062723c751e8b465ee728b)
Start importing Assets/UI button pack 2/Olive green/hard-gren.png using Guid(d61ecca33a0714f4390d6007dbe59628) Importer(815301076,1909f56bfc062723c751e8b465ee728b)  -> (artifact id: 'cf43698c175ebf286e098de5a35ccc78') in 0.012004 seconds
Number of updated asset objects reloaded before import = 0
Number of asset objects unloaded after import = 3
========================================================================
Received Import Request.
  Time since last request: 0.000289 seconds.
  path: Assets/UI button pack 2/Olive green/Leader-board-green.png
  artifactKey: Guid(0d3448896112b9c4bb982924be7f787f) Importer(815301076,1909f56bfc062723c751e8b465ee728b)
Start importing Assets/UI button pack 2/Olive green/Leader-board-green.png using Guid(0d3448896112b9c4bb982924be7f787f) Importer(815301076,1909f56bfc062723c751e8b465ee728b)  -> (artifact id: '9b79368f61728298e4976601f62de2fc') in 0.016721 seconds
Number of updated asset objects reloaded before import = 0
Number of asset objects unloaded after import = 3
========================================================================
Received Import Request.
  Time since last request: 0.007293 seconds.
  path: Assets/UI button pack 2/Olive green/location-3.png
  artifactKey: Guid(b6bfbbc6013f37e42a19f6c259745c24) Importer(815301076,1909f56bfc062723c751e8b465ee728b)
Start importing Assets/UI button pack 2/Olive green/location-3.png using Guid(b6bfbbc6013f37e42a19f6c259745c24) Importer(815301076,1909f56bfc062723c751e8b465ee728b)  -> (artifact id: 'a26c91bbf8392f41f48646a5803cb55d') in 0.009565 seconds
Number of updated asset objects reloaded before import = 0
Number of asset objects unloaded after import = 3
========================================================================
Received Import Request.
  Time since last request: 0.002700 seconds.
  path: Assets/UI button pack 2/Olive green/MEDIUM-GREEN.png
  artifactKey: Guid(56eea21547f02ce499e12dac0a065622) Importer(815301076,1909f56bfc062723c751e8b465ee728b)
Start importing Assets/UI button pack 2/Olive green/MEDIUM-GREEN.png using Guid(56eea21547f02ce499e12dac0a065622) Importer(815301076,1909f56bfc062723c751e8b465ee728b)  -> (artifact id: '1242bf1bfdbe99f4932bbf629625a029') in 0.009710 seconds
Number of updated asset objects reloaded before import = 0
Number of asset objects unloaded after import = 3
========================================================================
Received Import Request.
  Time since last request: 0.003855 seconds.
  path: Assets/UI button pack 2/Olive green/Music-green.png
  artifactKey: Guid(4b5f022d94b324444ae18ab06d3203e3) Importer(815301076,1909f56bfc062723c751e8b465ee728b)
Start importing Assets/UI button pack 2/Olive green/Music-green.png using Guid(4b5f022d94b324444ae18ab06d3203e3) Importer(815301076,1909f56bfc062723c751e8b465ee728b)  -> (artifact id: '9ce2dbb2f925e07bfe294ae9067b52c7') in 0.012711 seconds
Number of updated asset objects reloaded before import = 0
Number of asset objects unloaded after import = 3
========================================================================
Received Import Request.
  Time since last request: 2.336637 seconds.
  path: Assets/UI button pack 2/Olive green/Pin-green.png
  artifactKey: Guid(d67378a9f32e29f4894ceabda4f7e6c2) Importer(815301076,1909f56bfc062723c751e8b465ee728b)
Start importing Assets/UI button pack 2/Olive green/Pin-green.png using Guid(d67378a9f32e29f4894ceabda4f7e6c2) Importer(815301076,1909f56bfc062723c751e8b465ee728b)  -> (artifact id: '2ed09c926a11d66d4064ae55abc9facd') in 0.012136 seconds
Number of updated asset objects reloaded before import = 0
Number of asset objects unloaded after import = 3
========================================================================
Received Import Request.
  Time since last request: 0.000222 seconds.
  path: Assets/UI button pack 2/Olive green/PREMIUM-GREEN.png
  artifactKey: Guid(ecc35212a7d24694d99ec82a6baed070) Importer(815301076,1909f56bfc062723c751e8b465ee728b)
Start importing Assets/UI button pack 2/Olive green/PREMIUM-GREEN.png using Guid(ecc35212a7d24694d99ec82a6baed070) Importer(815301076,1909f56bfc062723c751e8b465ee728b)  -> (artifact id: '1f08154511f2d4a6d418e5180459a871') in 0.015997 seconds
Number of updated asset objects reloaded before import = 0
Number of asset objects unloaded after import = 3
========================================================================
Received Import Request.
  Time since last request: 0.118759 seconds.
  path: Assets/UI button pack 2/Olive green/RIGHT-GREEN.png
  artifactKey: Guid(1f6de9f149afaf447a9aedb9bcc928e2) Importer(815301076,1909f56bfc062723c751e8b465ee728b)
Start importing Assets/UI button pack 2/Olive green/RIGHT-GREEN.png using Guid(1f6de9f149afaf447a9aedb9bcc928e2) Importer(815301076,1909f56bfc062723c751e8b465ee728b)  -> (artifact id: 'b0c1b125211e8fbdb0adc7b603474da1') in 0.010924 seconds
Number of updated asset objects reloaded before import = 0
Number of asset objects unloaded after import = 3
========================================================================
Received Import Request.
  Time since last request: 0.000160 seconds.
  path: Assets/UI button pack 2/Olive green/Share-green.png
  artifactKey: Guid(97888f93a4c790f46a3d9e297116ce9b) Importer(815301076,1909f56bfc062723c751e8b465ee728b)
Start importing Assets/UI button pack 2/Olive green/Share-green.png using Guid(97888f93a4c790f46a3d9e297116ce9b) Importer(815301076,1909f56bfc062723c751e8b465ee728b)  -> (artifact id: '47b6e742f88fbf596354352e63a8b74e') in 0.016908 seconds
Number of updated asset objects reloaded before import = 0
Number of asset objects unloaded after import = 3
========================================================================
Received Import Request.
  Time since last request: 0.249788 seconds.
  path: Assets/UI button pack 2/Olive green/Star-green.png
  artifactKey: Guid(b4fd2af520ea7004598a6e73f6f89b5f) Importer(815301076,1909f56bfc062723c751e8b465ee728b)
Start importing Assets/UI button pack 2/Olive green/Star-green.png using Guid(b4fd2af520ea7004598a6e73f6f89b5f) Importer(815301076,1909f56bfc062723c751e8b465ee728b)  -> (artifact id: '82da019e15fdeecadb9250a245225c02') in 0.011438 seconds
Number of updated asset objects reloaded before import = 0
Number of asset objects unloaded after import = 3
========================================================================
Received Import Request.
  Time since last request: 0.000700 seconds.
  path: Assets/UI button pack 2/Olive green/uP-GERRN.png
  artifactKey: Guid(84652cb905d405945ae8dcc3f2cda246) Importer(815301076,1909f56bfc062723c751e8b465ee728b)
Start importing Assets/UI button pack 2/Olive green/uP-GERRN.png using Guid(84652cb905d405945ae8dcc3f2cda246) Importer(815301076,1909f56bfc062723c751e8b465ee728b)  -> (artifact id: '1a18315371ea306efd2de4b232b908db') in 0.010281 seconds
Number of updated asset objects reloaded before import = 0
Number of asset objects unloaded after import = 3
Editor requested this worker to shutdown with reason: Scaling down because of idle timeout
AssetImportWorkerClient::OnTransportError - code=2 error=End of file
AssetImportWorker is now disconnected from the server
Process exiting
Exiting without the bug reporter. Application will terminate with return code 0